\BOOKMARK [0][-]{chapter.1}{\376\377\173\200\116\313}{}% 1
\BOOKMARK [0][-]{chapter.2}{\376\377\000S\000A\000R\173\227\154\325\116\377\167\037}{}% 2
\BOOKMARK [1][-]{section.2.1}{\376\377\137\025\212\000\116\016\170\024\172\166\200\314\146\157}{chapter.2}% 3
\BOOKMARK [1][-]{section.2.2}{\376\377\000B\000P\000A\173\227\154\325\166\204\145\160\133\146\152\041\127\213}{chapter.2}% 4
\BOOKMARK [1][-]{section.2.3}{\376\377\000G\000P\000U\122\240\220\037\143\242\172\166}{chapter.2}% 5
\BOOKMARK [2][-]{subsection.2.3.1}{\376\377\116\343\170\001\133\236\163\260\116\016\117\030\123\026}{section.2.3}% 6
\BOOKMARK [2][-]{subsection.2.3.2}{\376\377\140\047\200\375\133\371\153\324}{section.2.3}% 7
\BOOKMARK [1][-]{section.2.4}{\376\377\121\166\116\326\173\227\154\325\133\371\153\324\377\032\000C\000S\000A\000,\000\040\000R\000D\000A\000,\000\040\000w\000K\000A}{chapter.2}% 8
\BOOKMARK [1][-]{section.2.5}{\376\377\126\152\130\360\137\161\124\315\122\006\147\220}{chapter.2}% 9
\BOOKMARK [1][-]{section.2.6}{\376\377\142\020\120\317\215\050\221\317\122\006\147\220}{chapter.2}% 10
\BOOKMARK [1][-]{section.2.7}{\376\377\134\017\176\323}{chapter.2}% 11
\BOOKMARK [0][-]{chapter.3}{\376\377\122\006\145\160\226\066\120\205\221\314\123\366\123\330\143\142\166\204\121\163\174\373}{}% 12
\BOOKMARK [1][-]{section.3.1}{\376\377\137\025\212\000\116\016\170\024\172\166\200\314\146\157}{chapter.3}% 13
\BOOKMARK [1][-]{section.3.2}{\376\377\000H\000e\000r\000m\000i\000t\000e\121\375\145\160\174\373\116\016\000S\000A\000R\145\366\230\221\133\371\171\360\140\047}{chapter.3}% 14
\BOOKMARK [1][-]{section.3.3}{\376\377\000L\000F\000M\117\341\123\367\166\204\000H\000e\000r\000m\000i\000t\000e\122\006\211\343}{chapter.3}% 15
\BOOKMARK [1][-]{section.3.4}{\376\377\000F\000r\000F\000T\116\000\171\315\145\366\230\221\123\330\143\142\166\204\145\271\154\325}{chapter.3}% 16
\BOOKMARK [1][-]{section.3.5}{\376\377\142\227\136\162\142\160\174\373\176\337\213\276\213\241\377\010\172\000\165\217\000H\000e\000r\000m\000i\000t\000e\156\344\154\342\377\011}{chapter.3}% 17
\BOOKMARK [1][-]{section.3.6}{\376\377\133\236\232\214\232\214\213\301}{chapter.3}% 18
\BOOKMARK [1][-]{section.3.7}{\376\377\127\372\116\216\000F\000r\000F\000T\166\204\142\227\136\162\142\160}{chapter.3}% 19
\BOOKMARK [1][-]{section.3.8}{\376\377\134\017\176\323}{chapter.3}% 20
\BOOKMARK [0][-]{chapter.4}{\376\377\116\214\176\364\142\020\120\317}{}% 21
\BOOKMARK [1][-]{section.4.1}{\376\377\137\025\212\000\116\016\170\024\172\166\200\314\146\157}{chapter.4}% 22
\BOOKMARK [1][-]{section.4.2}{\376\377\124\016\124\021\142\225\137\161\173\227\154\325\166\204\145\160\133\146\143\250\133\374\116\016\133\236\163\260}{chapter.4}% 23
\BOOKMARK [2][-]{subsection.4.2.1}{\376\377\000G\000P\000U\136\166\210\114\133\236\163\260}{section.4.2}% 24
\BOOKMARK [1][-]{section.4.3}{\376\377\137\142\140\001\133\146\156\344\154\342\116\016\136\162\142\160\213\312\145\255}{chapter.4}% 25
\BOOKMARK [1][-]{section.4.4}{\376\377\147\102\154\342\166\204\156\344\226\144}{chapter.4}% 26
\BOOKMARK [2][-]{subsection.4.4.1}{\376\377\116\343\170\001\133\236\163\260\116\016\232\214\213\301}{section.4.4}% 27
\BOOKMARK [1][-]{section.4.5}{\376\377\134\017\176\323}{chapter.4}% 28
